<?xml version="1.0" encoding="UTF-8"?>
<testng-results skipped="0" failed="0" ignored="0" total="1" passed="1">
  <reporter-output>
  </reporter-output>
  <suite name="Surefire suite" duration-ms="486" started-at="2020-12-29T20:27:07 IST" finished-at="2020-12-29T20:27:07 IST">
    <groups>
    </groups>
    <test name="Surefire test" duration-ms="486" started-at="2020-12-29T20:27:07 IST" finished-at="2020-12-29T20:27:07 IST">
      <class name="com.mars.webTest.VerifyABTest">
        <test-method status="PASS" signature="startBrowser()[pri:0, instance:com.mars.webTest.VerifyABTest@5cb9f472]" name="startBrowser" is-config="true" duration-ms="11470" started-at="2020-12-29T20:26:55 IST" finished-at="2020-12-29T20:27:07 IST">
          <reporter-output>
          </reporter-output>
        </test-method> <!-- startBrowser -->
        <test-method status="PASS" signature="initialize()[pri:0, instance:com.mars.webTest.VerifyABTest@5cb9f472]" name="initialize" is-config="true" duration-ms="24" started-at="2020-12-29T20:27:07 IST" finished-at="2020-12-29T20:27:07 IST">
          <reporter-output>
          </reporter-output>
        </test-method> <!-- initialize -->
        <test-method status="PASS" signature="abTest()[pri:0, instance:com.mars.webTest.VerifyABTest@5cb9f472]" name="abTest" duration-ms="428" started-at="2020-12-29T20:27:07 IST" finished-at="2020-12-29T20:27:07 IST">
          <reporter-output>
          </reporter-output>
        </test-method> <!-- abTest -->
        <test-method status="PASS" signature="killBrowser()[pri:0, instance:com.mars.webTest.VerifyABTest@5cb9f472]" name="killBrowser" is-config="true" duration-ms="146" started-at="2020-12-29T20:27:12 IST" finished-at="2020-12-29T20:27:13 IST">
          <reporter-output>
          </reporter-output>
        </test-method> <!-- killBrowser -->
      </class> <!-- com.mars.webTest.VerifyABTest -->
    </test> <!-- Surefire test -->
  </suite> <!-- Surefire suite -->
</testng-results>
